This is e-upTeX, Version 3.141592653-p4.1.2-u2.00-250202-2.6 (utf8.uptex) (MiKTeX 25.4) (preloaded format=uplatex 2025.12.11)  20 DEC 2025 17:07
entering extended mode
 \write18 enabled.
 %&-line parsing enabled.
**./form.tex
(form.tex
pLaTeX2e <2023-02-14u04>+1, based on
LaTeX2e <2025-11-01>
L3 programming layer <2025-10-24>
(C:\Users\socce\AppData\Local\Programs\MiKTeX\tex/uplatex/base\ujreport.cls
Document Class: ujreport 2020/09/30 v1.8f-u00 Standard upLaTeX class
\c@@paper=\count274
(C:\Users\socce\AppData\Local\Programs\MiKTeX\tex/uplatex/base\ujsize12.clo
File: ujsize12.clo 2020/09/30 v1.8f-u00 Standard upLaTeX file (size option)
LaTeX Font Info:    Font shape `JT2/mc/m/n' will be
(Font)              scaled to size 11.54663pt on input line 28.
LaTeX Font Info:    Font shape `JY2/mc/m/n' will be
(Font)              scaled to size 11.54663pt on input line 28.
)
\c@part=\count275
\c@chapter=\count276
\c@section=\count277
\c@subsection=\count278
\c@subsubsection=\count279
\c@paragraph=\count280
\c@subparagraph=\count281
\c@figure=\count282
\c@table=\count283
\abovecaptionskip=\skip49
\belowcaptionskip=\skip50
\symmincho=\mathgroup4
LaTeX Font Info:    Overwriting symbol font `mincho' in version `bold'
(Font)                  JY2/mc/m/n --> JY2/gt/m/n on input line 705.
\toclineskip=\dimen164
\@lnumwidth=\dimen165
\bibindent=\dimen166
\heisei=\count284
)
(preamble/packages.tex (../sty/TitlePage.sty
(C:\Users\socce\AppData\Local\Programs\MiKTeX\tex/latex/epsf\epsf.sty
This is `epsf.tex' v2.7.4 <14 February 2011>
\epsffilein=\read2
\epsfframemargin=\dimen167
\epsfframethickness=\dimen168
\epsfrsize=\dimen169
\epsftmp=\dimen170
\epsftsize=\dimen171
\epsfxsize=\dimen172
\epsfysize=\dimen173
\pspoints=\dimen174
))
(C:\Users\socce\AppData\Local\Programs\MiKTeX\tex/latex/graphics\graphicx.sty
Package: graphicx 2024/12/31 v1.2e Enhanced LaTeX Graphics (DPC,SPQR)

(C:\Users\socce\AppData\Local\Programs\MiKTeX\tex/latex/graphics\keyval.sty
Package: keyval 2022/05/29 v1.15 key=value parser (DPC)
\KV@toks@=\toks18
)
(C:\Users\socce\AppData\Local\Programs\MiKTeX\tex/latex/graphics\graphics.sty
Package: graphics 2024/08/06 v1.4g Standard LaTeX Graphics (DPC,SPQR)

(C:\Users\socce\AppData\Local\Programs\MiKTeX\tex/latex/graphics\trig.sty
Package: trig 2023/12/02 v1.11 sin cos tan (DPC)
)
(C:\Users\socce\AppData\Local\Programs\MiKTeX\tex/latex/graphics-cfg\graphics.c
fg
File: graphics.cfg 2016/06/04 v1.11 sample graphics configuration
)
Package graphics Info: Driver file: dvipdfmx.def on input line 106.

(C:\Users\socce\AppData\Local\Programs\MiKTeX\tex/latex/graphics-def\dvipdfmx.d
ef
File: dvipdfmx.def 2025/09/29 v5.0n Graphics/color driver for dvipdfmx
))
\Gin@req@height=\dimen175
\Gin@req@width=\dimen176
) (C:\Users\socce\AppData\Local\Programs\MiKTeX\tex/latex/base\fontenc.sty
Package: fontenc 2025/07/18 v2.1d Standard LaTeX package
) (C:\Users\socce\AppData\Local\Programs\MiKTeX\tex/latex/base\textcomp.sty
Package: textcomp 2024/04/24 v2.1b Standard LaTeX package
)
(C:\Users\socce\AppData\Local\Programs\MiKTeX\tex/latex/base\inputenc.sty
Package: inputenc 2024/02/08 v1.3d Input encoding file
\inpenc@prehook=\toks19
\inpenc@posthook=\toks20
)
(C:\Users\socce\AppData\Local\Programs\MiKTeX\tex/platex/japanese-otf\otf.sty
Package: otf 2025/07/24 TeX JP org, v1.7b8 psitau, u0.32 ttk
LaTeX Font Info:    Redeclaring symbol font `mincho' on input line 354.
LaTeX Font Info:    Overwriting symbol font `mincho' in version `normal'
(Font)                  JY2/mc/m/n --> JY2/hmc/m/n on input line 354.
LaTeX Font Info:    Overwriting symbol font `mincho' in version `bold'
(Font)                  JY2/gt/m/n --> JY2/hmc/m/n on input line 354.
LaTeX Font Info:    Overwriting symbol font `mincho' in version `bold'
(Font)                  JY2/hmc/m/n --> JY2/hmc/bx/n on input line 356.
LaTeX Font Info:    Redeclaring math alphabet \mathgt on input line 357.
LaTeX Font Info:    Overwriting math alphabet `\mathgt' in version `normal'
(Font)                  JY2/gt/m/n --> JY2/hgt/m/n on input line 357.
LaTeX Font Info:    Overwriting math alphabet `\mathgt' in version `bold'
(Font)                  JY2/gt/m/n --> JY2/hgt/m/n on input line 357.
LaTeX Font Info:    Overwriting math alphabet `\mathgt' in version `bold'
(Font)                  JY2/hgt/m/n --> JY2/hgt/bx/n on input line 358.

(C:\Users\socce\AppData\Local\Programs\MiKTeX\tex/platex/japanese-otf\ajmacros.
sty
Package: ajmacros 2019/04/01 21:00 iNOUE Koich! <inoue@ma.ns.musashi-tech.ac.jp
>
\@tempcntc=\count285
\@tempcntd=\count286
\@tempcnte=\count287
\@tempcntf=\count288
))
(C:\Users\socce\AppData\Local\Programs\MiKTeX\tex/latex/listings\listings.sty
\lstset,
\lst@mode=\count289
 
new hook `InitVars',

new hook `EndGroup',

new hook `ExitVars',

new hook `ModeTrue',

new hook `EOL',
\lst@gtempboxa=\box70
\lst@token=\toks21
\lst@length=\count290

new hook `InitVarsBOL',
\lst@currlwidth=\dimen177
\lst@column=\count291
\lst@pos=\count292
\lst@lostspace=\dimen178
\lst@width=\dimen179
basewidth, 
new hook `FontAdjust',
fontadjust, 
new hook `PostOutput',

new hook `OutputBox',

new hook `InitBOL',
columns, flexiblecolumns,
\lst@newlines=\count293
 
new hook `OnNewLine',
emptylines, 
new hook `OnEmptyLine',
identifierstyle, 
new hook `EmptyStyle',

new hook `OutputOther',

new hook `Output',
tabsize, showtabs, tab, showspaces, keepspaces, 
new hook `Init',
formfeed, upquote, SelectCharTable, MoreSelectCharTable,

new hook `SetLanguage',
extendedchars, useoutput, rescanchars, alsoletter, alsodigit, alsoother,

new hook `SelectCharTable',
excludedelims, delim, moredelim, deletedelim, literate, basicstyle,
inputencoding, multicols, 
new hook `EveryLine',
\lst@lineno=\count294
print, firstline, lastline, 
new hook `PreSet',
nolol, linerange, consecutivenumbers, rangeprefix, rangesuffix,
rangebeginprefix, rangebeginsuffix, rangeendprefix, rangeendsuffix,
includerangemarker, 
new hook `DeInit',
captionpos, abovecaptionskip, belowcaptionskip, label, title, caption,

new hook `TextStyle',
\lstlistingname, \lstlistingnamestyle, numberbychapter, boxpos, float,
floatplacement, aboveskip, belowskip, everydisplay, 
new hook `DisplayStyle',

new hook `PreInit',

new hook `EveryPar',
showlines,
\lst@maxwidth=\dimen180
 
new hook `InitVarsEOL',
gobble, name, \lstlistlistingname, \lstlistoflistings, inputpath,
\lstnewenvironment, fancyvrb,
(C:\Users\socce\AppData\Local\Programs\MiKTeX\tex/latex/listings\lstpatch.sty
File: lstpatch.sty 2025/10/06 1.11 (Carsten Heinz)
)
(C:\Users\socce\AppData\Local\Programs\MiKTeX\tex/latex/listings\lstmisc.sty
File: lstmisc.sty 2025/10/06 1.11 (Carsten Heinz)


Define lst-aspect `strings': string, morestring, deletestring, stringstyle,
showstringspaces, 
new hook `ExcludeDelims',

Allocs: none

Define lst-aspect `comments': comment, morecomment, deletecomment,
commentstyle, 
new hook `AfterBeginComment',

Allocs: none

Define lst-aspect `escape': texcl, escapebegin, escapeend, escapechar,
escapeinside, mathescape, 
Allocs: none

Define lst-aspect `keywords': sensitive, 
new hook `TrackKeywords',

new hook `PostTrackKeywords',

new hook `DetectKeywords',
classoffset, keywords, morekeywords, deletekeywords, keywordstyle,
keywordstyle, ndkeywords, morendkeywords, deletendkeywords, ndkeywordstyle,
keywordsprefix, otherkeywords, 
Allocs: none

Define lst-aspect `emph': emph, moreemph, deleteemph, emphstyle, 
Allocs: none

Define lst-aspect `index': index, moreindex, deleteindex, indexstyle,
\lstindexmacro, 
Allocs: none

Define lst-aspect `style': \lststylefiles, \lstdefinestyle, \lst@definestyle,
style, 
new hook `SetStyle',

Allocs: none

Define lst-aspect `language': \lstlanguagefiles, \lstdefinelanguage,
\lst@definelanguage, language, alsolanguage, \lstalias, defaultdialect,

Allocs: none

Define lst-aspect `labels': numbers, stepnumber, numberfirstline, numberstyle,
numbersep, numberblanklines, firstnumber,
\c@lstnumber=\count295
\lst@skipnumbers=\count296
 
Allocs: 2\count, 

Define lst-aspect `lineshape': xleftmargin, xrightmargin, resetmargins,

new hook `BoxUnsafe',
linewidth, lineskip, breaklines, breakindent, breakautoindent,
breakatwhitespace, prebreak, postbreak, 
Allocs: none

Define lst-aspect `frames': framexleftmargin, framexrightmargin,
framextopmargin, framexbottommargin, backgroundcolor, fillcolor, rulecolor,
rulesepcolor, rulesep, framerule, framesep, frameshape, frameround, frame,
\lst@framebox=\box71


Allocs: 1\box, 
) 
Allocs: 8\count, 4\dimen, 2\box, 1\toks, 
(C:\Users\socce\AppData\Local\Programs\MiKTeX\tex/latex/listings\listings.cfg
File: listings.cfg 2025/10/06 1.11 listings configuration
))
Package: listings 2025/10/06 1.11 (Carsten Heinz)
==> First Aid for listings.sty no longer applied!
    Expected:
        2024/09/23 1.10c (Carsten Heinz)
    but found:
        2025/10/06 1.11 (Carsten Heinz)
    so I'm assuming it got fixed.
(../jlisting.sty

LaTeX Warning: You have requested package `../jlisting',
               but the package provides `jlisting'.

Package: jlisting 2006/02/20 0.2 (Thor)
\lst@nextchar=\count297
\lst@inputfile=\read3
)) (C:\Users\socce\AppData\Local\Programs\MiKTeX\tex/latex/graphics\color.sty
Package: color 2025/01/14 v1.3e Standard LaTeX Color (DPC)

(C:\Users\socce\AppData\Local\Programs\MiKTeX\tex/latex/graphics-cfg\color.cfg
File: color.cfg 2016/01/02 v1.6 sample color configuration
)
Package color Info: Driver file: dvips.def on input line 149.
(C:\Users\socce\AppData\Local\Programs\MiKTeX\tex/latex/graphics-def\dvips.def
File: dvips.def 2025/01/21 v3.2a Graphics/color driver for dvips
) (C:\Users\socce\AppData\Local\Programs\MiKTeX\tex/latex/graphics\dvipsnam.def
File: dvipsnam.def 2016/06/17 v3.0m Driver-dependent file (DPC,SPQR)
) (C:\Users\socce\AppData\Local\Programs\MiKTeX\tex/latex/graphics\mathcolor.lt
x)) (C:\Users\socce\AppData\Local\Programs\MiKTeX\tex/latex/url\url.sty
\Urlmuskip=\muskip17
Package: url 2013/09/16  ver 3.4  Verb mode for urls, etc.
)
(preamble/layout.tex) (preamble/commands.tex) (preamble/appendix.tex)
(preamble/colors.tex) (preamble/lstset.tex
(C:\Users\socce\AppData\Local\Programs\MiKTeX\tex/latex/listings\lstlang1.sty
File: lstlang1.sty 2025/10/06 1.11 listings language file
)
(C:\Users\socce\AppData\Local\Programs\MiKTeX\tex/latex/listings\lstmisc.sty
File: lstmisc.sty 2025/10/06 1.11 (Carsten Heinz)


Define lst-aspect `directives': directives, moredirectives, deletedirectives,
directivestyle, 
Allocs: none
)) (chapters/title.tex)
LaTeX Font Info:    Font shape `JT2/hmc/m/n' will be
(Font)              scaled to size 11.54663pt on input line 23.
LaTeX Font Info:    Font shape `JY2/hmc/m/n' will be
(Font)              scaled to size 11.54663pt on input line 23.

(C:\Users\socce\AppData\Local\Programs\MiKTeX\tex/latex/l3backend\l3backend-dvi
ps.def
File: l3backend-dvips.def 2025-10-09 L3 backend support: dvips
\l__pdfannot_backend_content_box=\box72
\l__pdfannot_backend_model_box=\box73
\g__pdfannot_backend_int=\count298
\g__pdfannot_backend_link_int=\count299
\g__pdfannot_backend_link_sf_int=\count300
) (form.aux)
\openout1 = `form.aux'.

LaTeX Font Info:    Checking defaults for OML/cmm/m/it on input line 23.
LaTeX Font Info:    ... okay on input line 23.
LaTeX Font Info:    Checking defaults for OMS/cmsy/m/n on input line 23.
LaTeX Font Info:    ... okay on input line 23.
LaTeX Font Info:    Checking defaults for OT1/cmr/m/n on input line 23.
LaTeX Font Info:    ... okay on input line 23.
LaTeX Font Info:    Checking defaults for T1/cmr/m/n on input line 23.
LaTeX Font Info:    ... okay on input line 23.
LaTeX Font Info:    Checking defaults for TS1/cmr/m/n on input line 23.
LaTeX Font Info:    ... okay on input line 23.
LaTeX Font Info:    Checking defaults for OMX/cmex/m/n on input line 23.
LaTeX Font Info:    ... okay on input line 23.
LaTeX Font Info:    Checking defaults for U/cmr/m/n on input line 23.
LaTeX Font Info:    ... okay on input line 23.
LaTeX Font Info:    Checking defaults for JY2/mc/m/n on input line 23.
LaTeX Font Info:    ... okay on input line 23.
LaTeX Font Info:    Checking defaults for JT2/mc/m/n on input line 23.
LaTeX Font Info:    ... okay on input line 23.
\c@lstlisting=\count301
LaTeX Font Info:    Font shape `JT2/hmc/m/n' will be
(Font)              scaled to size 23.94002pt on input line 25.
LaTeX Font Info:    Font shape `JY2/hmc/m/n' will be
(Font)              scaled to size 23.94002pt on input line 25.
LaTeX Font Info:    Font shape `JT2/hmc/m/n' will be
(Font)              scaled to size 13.85594pt on input line 25.
LaTeX Font Info:    Font shape `JY2/hmc/m/n' will be
(Font)              scaled to size 13.85594pt on input line 25.
LaTeX Font Info:    Font shape `JT2/hmc/m/n' will be
(Font)              scaled to size 19.95642pt on input line 25.
LaTeX Font Info:    Font shape `JY2/hmc/m/n' will be
(Font)              scaled to size 19.95642pt on input line 25.
 [1

]
LaTeX Font Info:    Font shape `JT2/hmc/bx/n' in size <24.88> not available
(Font)              Font shape `JT2/hgt/m/n' tried instead on input line 29.
LaTeX Font Info:    Font shape `JT2/hgt/m/n' will be
(Font)              scaled to size 23.94002pt on input line 29.
LaTeX Font Info:    Font shape `JY2/hmc/bx/n' in size <24.88> not available
(Font)              Font shape `JY2/hgt/m/n' tried instead on input line 29.
LaTeX Font Info:    Font shape `JY2/hgt/m/n' will be
(Font)              scaled to size 23.94002pt on input line 29.
 (form.toc
LaTeX Font Info:    Font shape `JT2/hmc/bx/n' in size <12> not available
(Font)              Font shape `JT2/hgt/m/n' tried instead on input line 1.
LaTeX Font Info:    Font shape `JT2/hgt/m/n' will be
(Font)              scaled to size 11.54663pt on input line 1.
LaTeX Font Info:    Font shape `JY2/hmc/bx/n' in size <12> not available
(Font)              Font shape `JY2/hgt/m/n' tried instead on input line 1.
LaTeX Font Info:    Font shape `JY2/hgt/m/n' will be
(Font)              scaled to size 11.54663pt on input line 1.
LaTeX Font Info:    External font `cmex10' loaded for size
(Font)              <12> on input line 2.
LaTeX Font Info:    External font `cmex10' loaded for size
(Font)              <8> on input line 2.
LaTeX Font Info:    External font `cmex10' loaded for size
(Font)              <6> on input line 2.
LaTeX Font Info:    Font shape `JY2/hmc/m/n' will be
(Font)              scaled to size 7.69775pt on input line 2.
LaTeX Font Info:    Font shape `JY2/hmc/m/n' will be
(Font)              scaled to size 5.77332pt on input line 2.
)
\tf@toc=\write3
\openout3 = `form.toc'.

 [1

] (chapters/introduction.tex
第 1 章
LaTeX Font Info:    Font shape `JT2/hmc/m/n' will be
(Font)              scaled to size 16.62714pt on input line 3.
LaTeX Font Info:    Font shape `JY2/hmc/m/n' will be
(Font)              scaled to size 16.62714pt on input line 3.
LaTeX Font Info:    Font shape `JT2/hmc/bx/n' in size <17.28> not available
(Font)              Font shape `JT2/hgt/m/n' tried instead on input line 3.
LaTeX Font Info:    Font shape `JT2/hgt/m/n' will be
(Font)              scaled to size 16.62714pt on input line 3.
LaTeX Font Info:    Font shape `JY2/hmc/bx/n' in size <17.28> not available
(Font)              Font shape `JY2/hgt/m/n' tried instead on input line 3.
LaTeX Font Info:    Font shape `JY2/hgt/m/n' will be
(Font)              scaled to size 16.62714pt on input line 3.

LaTeX Warning: Citation `traffic_eng_book' on page 1 undefined on input line 7.


[1


]) (chapters/data_and_preprocessing.tex [2]
第 2 章
[3

]
LaTeX Font Info:    Font shape `JT2/hmc/bx/n' in size <14.4> not available
(Font)              Font shape `JT2/hgt/m/n' tried instead on input line 32.
LaTeX Font Info:    Font shape `JT2/hgt/m/n' will be
(Font)              scaled to size 13.85594pt on input line 32.
LaTeX Font Info:    Font shape `JY2/hmc/bx/n' in size <14.4> not available
(Font)              Font shape `JY2/hgt/m/n' tried instead on input line 32.
LaTeX Font Info:    Font shape `JY2/hgt/m/n' will be
(Font)              scaled to size 13.85594pt on input line 32.
 [4]) [5] (frontmatter/thanks.tex) [6

] (form.bbl
Underfull \hbox (badness 10000) in paragraph at lines 4--10
\T1/cmtt/m/n/12 page = 1 & layout = datalist & toukei = 00130002 & tstat = 0000
01027457 & cycle =
 []


Underfull \hbox (badness 10000) in paragraph at lines 4--10
\T1/cmtt/m/n/12 7 & year = 20240 & month = 0 & stat _ infid = 000040249644 & tc
lass1val = 0$\T1/cmr/m/n/12 , 2024.
 []

LaTeX Font Info:    Kanji font shape `JY2/hgt/m/it' undefined
(Font)              No change on input line 35.
LaTeX Font Info:    Kanji font shape `JY2/hgt/m/it' undefined
(Font)              No change on input line 45.
LaTeX Font Info:    Kanji font shape `JY2/hgt/m/it' undefined
(Font)              No change on input line 55.
) [7

] [8] (appendix/appendix.tex) [1


] (appendix/QA.tex) [1

] (form.aux)
 ***********
pLaTeX2e <2023-02-14u04>+1, based on
LaTeX2e <2025-11-01>
L3 programming layer <2025-10-24>
 ***********


LaTeX Warning: There were undefined references.

 ) 
Here is how much of TeX's memory you used:
 4986 strings out of 468510
 74719 string characters out of 5434306
 663832 words of memory out of 5000000
 33801 multiletter control sequences out of 15000+600000
 644588 words of font info for 99 fonts, out of 8000000 for 9000
 929 hyphenation exceptions out of 8191
 62i,5n,68p,1134b,1025s stack positions out of 10000i,1000n,20000p,200000b,200000s

Output written on form.dvi (12 pages, 30552 bytes).
