This is e-pTeX, Version 3.14159265-p3.8.0-180226-2.6 (utf8.sjis) (TeX Live 2018/W32TeX) (preloaded format=platex 2018.6.18)  17 NOV 2018 15:15
entering extended mode
 restricted \write18 enabled.
 %&-line parsing enabled.
**abstract.tex
(./abstract.tex
pLaTeX2e <2018-04-01>+1 (based on LaTeX2e <2018-04-01> patch level 2)
Babel <3.18> and hyphenation patterns for 84 language(s) loaded.
(c:/texlive/2018/texmf-dist/tex/uplatex/base/ujarticle.cls
Document Class: ujarticle 2018/02/04 v1.7h-u00 Standard upLaTeX class
\c@@paper=\count83
(c:/texlive/2018/texmf-dist/tex/uplatex/base/ujsize10.clo
File: ujsize10.clo 2018/02/04 v1.7h-u00 Standard upLaTeX file (size option)
)
\c@part=\count84
\c@section=\count85
\c@subsection=\count86
\c@subsubsection=\count87
\c@paragraph=\count88
\c@subparagraph=\count89
\c@figure=\count90
\c@table=\count91
\abovecaptionskip=\skip41
\belowcaptionskip=\skip42


! LaTeX Error: Encoding scheme `JY2' unknown.

See the LaTeX manual or LaTeX Companion for explanation.
Type  H <return>  for immediate help.
 ...                                              
                                                  
l.613 ...\DeclareSymbolFont{mincho}{JY2}{mc}{m}{n}
                                                  
? 
! Emergency stop.
 ...                                              
                                                  
l.613 ...\DeclareSymbolFont{mincho}{JY2}{mc}{m}{n}
                                                  
Your command was ignored.
Type  I <command> <return>  to replace it with another command,
or  <return>  to continue without it.

 
Here is how much of TeX's memory you used:
 191 strings out of 493281
 2290 string characters out of 6148126
 64681 words of memory out of 5000000
 4212 multiletter control sequences out of 15000+600000
 7511 words of font info for 31 fonts, out of 8000000 for 9000
 929 hyphenation exceptions out of 8191
 22i,0n,19p,164b,35s stack positions out of 5000i,500n,10000p,200000b,80000s
No pages of output.
